  driver.cpp
C:\Users\bensp\OneDrive\Desktop\Programming File\The Code Box\CPP Docs\Visual Studio Stuff\TestLab\CellReplication\Project2\driver.cpp(35,54): warning C4244: 'initializing': conversion from 'float' to 'size_t', possible loss of data
C:\Users\bensp\OneDrive\Desktop\Programming File\The Code Box\CPP Docs\Visual Studio Stuff\TestLab\CellReplication\Project2\driver.cpp(49,43): warning C4244: 'initializing': conversion from 'float' to 'size_t', possible loss of data
C:\Users\bensp\OneDrive\Desktop\Programming File\The Code Box\CPP Docs\Visual Studio Stuff\TestLab\CellReplication\Project2\driver.cpp(53,79): warning C4244: '=': conversion from 'double' to 'float', possible loss of data
C:\Users\bensp\OneDrive\Desktop\Programming File\The Code Box\CPP Docs\Visual Studio Stuff\TestLab\CellReplication\Project2\driver.cpp(68,52): warning C4267: 'argument': conversion from 'size_t' to 'const int', possible loss of data
C:\Users\bensp\OneDrive\Desktop\Programming File\The Code Box\CPP Docs\Visual Studio Stuff\TestLab\CellReplication\Project2\driver.cpp(70,40): warning C4267: 'argument': conversion from 'size_t' to '_Ty', possible loss of data
C:\Users\bensp\OneDrive\Desktop\Programming File\The Code Box\CPP Docs\Visual Studio Stuff\TestLab\CellReplication\Project2\driver.cpp(70,40): warning C4267:         with
C:\Users\bensp\OneDrive\Desktop\Programming File\The Code Box\CPP Docs\Visual Studio Stuff\TestLab\CellReplication\Project2\driver.cpp(70,40): warning C4267:         [
C:\Users\bensp\OneDrive\Desktop\Programming File\The Code Box\CPP Docs\Visual Studio Stuff\TestLab\CellReplication\Project2\driver.cpp(70,40): warning C4267:             _Ty=GLuint
C:\Users\bensp\OneDrive\Desktop\Programming File\The Code Box\CPP Docs\Visual Studio Stuff\TestLab\CellReplication\Project2\driver.cpp(70,40): warning C4267:         ]
C:\Users\bensp\OneDrive\Desktop\Programming File\The Code Box\CPP Docs\Visual Studio Stuff\TestLab\CellReplication\Project2\driver.cpp(71,40): warning C4267: 'argument': conversion from 'size_t' to '_Ty', possible loss of data
C:\Users\bensp\OneDrive\Desktop\Programming File\The Code Box\CPP Docs\Visual Studio Stuff\TestLab\CellReplication\Project2\driver.cpp(71,40): warning C4267:         with
C:\Users\bensp\OneDrive\Desktop\Programming File\The Code Box\CPP Docs\Visual Studio Stuff\TestLab\CellReplication\Project2\driver.cpp(71,40): warning C4267:         [
C:\Users\bensp\OneDrive\Desktop\Programming File\The Code Box\CPP Docs\Visual Studio Stuff\TestLab\CellReplication\Project2\driver.cpp(71,40): warning C4267:             _Ty=GLuint
C:\Users\bensp\OneDrive\Desktop\Programming File\The Code Box\CPP Docs\Visual Studio Stuff\TestLab\CellReplication\Project2\driver.cpp(71,40): warning C4267:         ]
C:\Users\bensp\OneDrive\Desktop\Programming File\The Code Box\CPP Docs\Visual Studio Stuff\TestLab\CellReplication\Project2\driver.cpp(72,40): warning C4267: 'argument': conversion from 'size_t' to '_Ty', possible loss of data
C:\Users\bensp\OneDrive\Desktop\Programming File\The Code Box\CPP Docs\Visual Studio Stuff\TestLab\CellReplication\Project2\driver.cpp(72,40): warning C4267:         with
C:\Users\bensp\OneDrive\Desktop\Programming File\The Code Box\CPP Docs\Visual Studio Stuff\TestLab\CellReplication\Project2\driver.cpp(72,40): warning C4267:         [
C:\Users\bensp\OneDrive\Desktop\Programming File\The Code Box\CPP Docs\Visual Studio Stuff\TestLab\CellReplication\Project2\driver.cpp(72,40): warning C4267:             _Ty=GLuint
C:\Users\bensp\OneDrive\Desktop\Programming File\The Code Box\CPP Docs\Visual Studio Stuff\TestLab\CellReplication\Project2\driver.cpp(72,40): warning C4267:         ]
C:\Users\bensp\OneDrive\Desktop\Programming File\The Code Box\CPP Docs\Visual Studio Stuff\TestLab\CellReplication\Project2\driver.cpp(74,40): warning C4267: 'argument': conversion from 'size_t' to '_Ty', possible loss of data
C:\Users\bensp\OneDrive\Desktop\Programming File\The Code Box\CPP Docs\Visual Studio Stuff\TestLab\CellReplication\Project2\driver.cpp(74,40): warning C4267:         with
C:\Users\bensp\OneDrive\Desktop\Programming File\The Code Box\CPP Docs\Visual Studio Stuff\TestLab\CellReplication\Project2\driver.cpp(74,40): warning C4267:         [
C:\Users\bensp\OneDrive\Desktop\Programming File\The Code Box\CPP Docs\Visual Studio Stuff\TestLab\CellReplication\Project2\driver.cpp(74,40): warning C4267:             _Ty=GLuint
C:\Users\bensp\OneDrive\Desktop\Programming File\The Code Box\CPP Docs\Visual Studio Stuff\TestLab\CellReplication\Project2\driver.cpp(74,40): warning C4267:         ]
C:\Users\bensp\OneDrive\Desktop\Programming File\The Code Box\CPP Docs\Visual Studio Stuff\TestLab\CellReplication\Project2\driver.cpp(75,40): warning C4267: 'argument': conversion from 'size_t' to '_Ty', possible loss of data
C:\Users\bensp\OneDrive\Desktop\Programming File\The Code Box\CPP Docs\Visual Studio Stuff\TestLab\CellReplication\Project2\driver.cpp(75,40): warning C4267:         with
C:\Users\bensp\OneDrive\Desktop\Programming File\The Code Box\CPP Docs\Visual Studio Stuff\TestLab\CellReplication\Project2\driver.cpp(75,40): warning C4267:         [
C:\Users\bensp\OneDrive\Desktop\Programming File\The Code Box\CPP Docs\Visual Studio Stuff\TestLab\CellReplication\Project2\driver.cpp(75,40): warning C4267:             _Ty=GLuint
C:\Users\bensp\OneDrive\Desktop\Programming File\The Code Box\CPP Docs\Visual Studio Stuff\TestLab\CellReplication\Project2\driver.cpp(75,40): warning C4267:         ]
C:\Users\bensp\OneDrive\Desktop\Programming File\The Code Box\CPP Docs\Visual Studio Stuff\TestLab\CellReplication\Project2\driver.cpp(76,40): warning C4267: 'argument': conversion from 'size_t' to '_Ty', possible loss of data
C:\Users\bensp\OneDrive\Desktop\Programming File\The Code Box\CPP Docs\Visual Studio Stuff\TestLab\CellReplication\Project2\driver.cpp(76,40): warning C4267:         with
C:\Users\bensp\OneDrive\Desktop\Programming File\The Code Box\CPP Docs\Visual Studio Stuff\TestLab\CellReplication\Project2\driver.cpp(76,40): warning C4267:         [
C:\Users\bensp\OneDrive\Desktop\Programming File\The Code Box\CPP Docs\Visual Studio Stuff\TestLab\CellReplication\Project2\driver.cpp(76,40): warning C4267:             _Ty=GLuint
C:\Users\bensp\OneDrive\Desktop\Programming File\The Code Box\CPP Docs\Visual Studio Stuff\TestLab\CellReplication\Project2\driver.cpp(76,40): warning C4267:         ]
C:\Users\bensp\OneDrive\Desktop\Programming File\The Code Box\CPP Docs\Visual Studio Stuff\TestLab\CellReplication\Project2\driver.cpp(78,40): warning C4267: 'argument': conversion from 'size_t' to '_Ty', possible loss of data
C:\Users\bensp\OneDrive\Desktop\Programming File\The Code Box\CPP Docs\Visual Studio Stuff\TestLab\CellReplication\Project2\driver.cpp(78,40): warning C4267:         with
C:\Users\bensp\OneDrive\Desktop\Programming File\The Code Box\CPP Docs\Visual Studio Stuff\TestLab\CellReplication\Project2\driver.cpp(78,40): warning C4267:         [
C:\Users\bensp\OneDrive\Desktop\Programming File\The Code Box\CPP Docs\Visual Studio Stuff\TestLab\CellReplication\Project2\driver.cpp(78,40): warning C4267:             _Ty=GLuint
C:\Users\bensp\OneDrive\Desktop\Programming File\The Code Box\CPP Docs\Visual Studio Stuff\TestLab\CellReplication\Project2\driver.cpp(78,40): warning C4267:         ]
C:\Users\bensp\OneDrive\Desktop\Programming File\The Code Box\CPP Docs\Visual Studio Stuff\TestLab\CellReplication\Project2\driver.cpp(79,40): warning C4267: 'argument': conversion from 'size_t' to '_Ty', possible loss of data
C:\Users\bensp\OneDrive\Desktop\Programming File\The Code Box\CPP Docs\Visual Studio Stuff\TestLab\CellReplication\Project2\driver.cpp(79,40): warning C4267:         with
C:\Users\bensp\OneDrive\Desktop\Programming File\The Code Box\CPP Docs\Visual Studio Stuff\TestLab\CellReplication\Project2\driver.cpp(79,40): warning C4267:         [
C:\Users\bensp\OneDrive\Desktop\Programming File\The Code Box\CPP Docs\Visual Studio Stuff\TestLab\CellReplication\Project2\driver.cpp(79,40): warning C4267:             _Ty=GLuint
C:\Users\bensp\OneDrive\Desktop\Programming File\The Code Box\CPP Docs\Visual Studio Stuff\TestLab\CellReplication\Project2\driver.cpp(79,40): warning C4267:         ]
C:\Users\bensp\OneDrive\Desktop\Programming File\The Code Box\CPP Docs\Visual Studio Stuff\TestLab\CellReplication\Project2\driver.cpp(80,40): warning C4267: 'argument': conversion from 'size_t' to '_Ty', possible loss of data
C:\Users\bensp\OneDrive\Desktop\Programming File\The Code Box\CPP Docs\Visual Studio Stuff\TestLab\CellReplication\Project2\driver.cpp(80,40): warning C4267:         with
C:\Users\bensp\OneDrive\Desktop\Programming File\The Code Box\CPP Docs\Visual Studio Stuff\TestLab\CellReplication\Project2\driver.cpp(80,40): warning C4267:         [
C:\Users\bensp\OneDrive\Desktop\Programming File\The Code Box\CPP Docs\Visual Studio Stuff\TestLab\CellReplication\Project2\driver.cpp(80,40): warning C4267:             _Ty=GLuint
C:\Users\bensp\OneDrive\Desktop\Programming File\The Code Box\CPP Docs\Visual Studio Stuff\TestLab\CellReplication\Project2\driver.cpp(80,40): warning C4267:         ]
C:\Users\bensp\OneDrive\Desktop\Programming File\The Code Box\CPP Docs\Visual Studio Stuff\TestLab\CellReplication\Project2\driver.cpp(82,40): warning C4267: 'argument': conversion from 'size_t' to '_Ty', possible loss of data
C:\Users\bensp\OneDrive\Desktop\Programming File\The Code Box\CPP Docs\Visual Studio Stuff\TestLab\CellReplication\Project2\driver.cpp(82,40): warning C4267:         with
C:\Users\bensp\OneDrive\Desktop\Programming File\The Code Box\CPP Docs\Visual Studio Stuff\TestLab\CellReplication\Project2\driver.cpp(82,40): warning C4267:         [
C:\Users\bensp\OneDrive\Desktop\Programming File\The Code Box\CPP Docs\Visual Studio Stuff\TestLab\CellReplication\Project2\driver.cpp(82,40): warning C4267:             _Ty=GLuint
C:\Users\bensp\OneDrive\Desktop\Programming File\The Code Box\CPP Docs\Visual Studio Stuff\TestLab\CellReplication\Project2\driver.cpp(82,40): warning C4267:         ]
C:\Users\bensp\OneDrive\Desktop\Programming File\The Code Box\CPP Docs\Visual Studio Stuff\TestLab\CellReplication\Project2\driver.cpp(83,40): warning C4267: 'argument': conversion from 'size_t' to '_Ty', possible loss of data
C:\Users\bensp\OneDrive\Desktop\Programming File\The Code Box\CPP Docs\Visual Studio Stuff\TestLab\CellReplication\Project2\driver.cpp(83,40): warning C4267:         with
C:\Users\bensp\OneDrive\Desktop\Programming File\The Code Box\CPP Docs\Visual Studio Stuff\TestLab\CellReplication\Project2\driver.cpp(83,40): warning C4267:         [
C:\Users\bensp\OneDrive\Desktop\Programming File\The Code Box\CPP Docs\Visual Studio Stuff\TestLab\CellReplication\Project2\driver.cpp(83,40): warning C4267:             _Ty=GLuint
C:\Users\bensp\OneDrive\Desktop\Programming File\The Code Box\CPP Docs\Visual Studio Stuff\TestLab\CellReplication\Project2\driver.cpp(83,40): warning C4267:         ]
C:\Users\bensp\OneDrive\Desktop\Programming File\The Code Box\CPP Docs\Visual Studio Stuff\TestLab\CellReplication\Project2\driver.cpp(84,40): warning C4267: 'argument': conversion from 'size_t' to '_Ty', possible loss of data
C:\Users\bensp\OneDrive\Desktop\Programming File\The Code Box\CPP Docs\Visual Studio Stuff\TestLab\CellReplication\Project2\driver.cpp(84,40): warning C4267:         with
C:\Users\bensp\OneDrive\Desktop\Programming File\The Code Box\CPP Docs\Visual Studio Stuff\TestLab\CellReplication\Project2\driver.cpp(84,40): warning C4267:         [
C:\Users\bensp\OneDrive\Desktop\Programming File\The Code Box\CPP Docs\Visual Studio Stuff\TestLab\CellReplication\Project2\driver.cpp(84,40): warning C4267:             _Ty=GLuint
C:\Users\bensp\OneDrive\Desktop\Programming File\The Code Box\CPP Docs\Visual Studio Stuff\TestLab\CellReplication\Project2\driver.cpp(84,40): warning C4267:         ]
C:\Users\bensp\OneDrive\Desktop\Programming File\The Code Box\CPP Docs\Visual Studio Stuff\TestLab\CellReplication\Project2\driver.cpp(96,79): warning C4244: 'argument': conversion from 'float' to 'const int', possible loss of data
C:\Users\bensp\OneDrive\Desktop\Programming File\The Code Box\CPP Docs\Visual Studio Stuff\TestLab\CellReplication\Project2\driver.cpp(96,57): warning C4244: 'argument': conversion from 'float' to 'const int', possible loss of data
C:\Users\bensp\OneDrive\Desktop\Programming File\The Code Box\CPP Docs\Visual Studio Stuff\TestLab\CellReplication\Project2\driver.cpp(128,48): warning C4267: 'initializing': conversion from 'size_t' to 'unsigned int', possible loss of data
C:\Users\bensp\OneDrive\Desktop\Programming File\The Code Box\CPP Docs\Visual Studio Stuff\TestLab\CellReplication\Project2\driver.cpp(128,33): warning C4267: 'initializing': conversion from 'size_t' to 'const unsigned int', possible loss of data
glfw3.lib(init.obj) : warning LNK4099: PDB '' was not found with 'glfw3.lib(init.obj)' or at ''; linking object as if no debug info
glfw3.lib(window.obj) : warning LNK4099: PDB '' was not found with 'glfw3.lib(window.obj)' or at ''; linking object as if no debug info
glfw3.lib(context.obj) : warning LNK4099: PDB '' was not found with 'glfw3.lib(context.obj)' or at ''; linking object as if no debug info
glfw3.lib(input.obj) : warning LNK4099: PDB '' was not found with 'glfw3.lib(input.obj)' or at ''; linking object as if no debug info
glfw3.lib(win32_init.obj) : warning LNK4099: PDB '' was not found with 'glfw3.lib(win32_init.obj)' or at ''; linking object as if no debug info
glfw3.lib(win32_monitor.obj) : warning LNK4099: PDB '' was not found with 'glfw3.lib(win32_monitor.obj)' or at ''; linking object as if no debug info
glfw3.lib(win32_time.obj) : warning LNK4099: PDB '' was not found with 'glfw3.lib(win32_time.obj)' or at ''; linking object as if no debug info
glfw3.lib(win32_thread.obj) : warning LNK4099: PDB '' was not found with 'glfw3.lib(win32_thread.obj)' or at ''; linking object as if no debug info
glfw3.lib(monitor.obj) : warning LNK4099: PDB '' was not found with 'glfw3.lib(monitor.obj)' or at ''; linking object as if no debug info
glfw3.lib(vulkan.obj) : warning LNK4099: PDB '' was not found with 'glfw3.lib(vulkan.obj)' or at ''; linking object as if no debug info
glfw3.lib(win32_window.obj) : warning LNK4099: PDB '' was not found with 'glfw3.lib(win32_window.obj)' or at ''; linking object as if no debug info
glfw3.lib(win32_joystick.obj) : warning LNK4099: PDB '' was not found with 'glfw3.lib(win32_joystick.obj)' or at ''; linking object as if no debug info
glfw3.lib(wgl_context.obj) : warning LNK4099: PDB '' was not found with 'glfw3.lib(wgl_context.obj)' or at ''; linking object as if no debug info
glfw3.lib(egl_context.obj) : warning LNK4099: PDB '' was not found with 'glfw3.lib(egl_context.obj)' or at ''; linking object as if no debug info
glfw3.lib(osmesa_context.obj) : warning LNK4099: PDB '' was not found with 'glfw3.lib(osmesa_context.obj)' or at ''; linking object as if no debug info
  Project2.vcxproj -> C:\Users\bensp\OneDrive\Desktop\Programming File\The Code Box\CPP Docs\Visual Studio Stuff\TestLab\CellReplication\x64\Debug\Project2.exe
